# JRE version: OpenJDK Runtime Environment Temurin-17.0.8.1+1 (17.0.8.1+1) (build 17.0.8.1+1)
# Java VM: OpenJDK 64-Bit Server VM Temurin-17.0.8.1+1 (17.0.8.1+1, mixed mode, tiered, compressed oops, compressed class ptrs, parallel gc, windows-amd64)
GC Precious Log:
 CPUs: 20 total, 20 available
 Memory: 32689M
 Large Page Support: Disabled
 NUMA Support: Disabled
 Compressed Oops: Enabled (32-bit)
 Alignments: Space 512K, Generation 512K, Heap 2M
 Heap Min Capacity: 100M
 Heap Initial Capacity: 100M
 Heap Max Capacity: 1G
 Pre-touch: Disabled
 Parallel Workers: 15
Heap:
 PSYoungGen      total 47616K, used 39135K [0x00000000eab00000, 0x00000000eea00000, 0x0000000100000000)
  eden space 33792K, 75% used [0x00000000eab00000,0x00000000ec3ffd30,0x00000000ecc00000)
  from space 13824K, 97% used [0x00000000ed400000,0x00000000ee1381c0,0x00000000ee180000)
  to   space 8704K, 0% used [0x00000000ee180000,0x00000000ee180000,0x00000000eea00000)
 ParOldGen       total 409600K, used 345162K [0x00000000c0000000, 0x00000000d9000000, 0x00000000eab00000)
  object space 409600K, 84% used [0x00000000c0000000,0x00000000d5112818,0x00000000d9000000)
 Metaspace       used 72642K, committed 73856K, reserved 1179648K
  class space    used 7606K, committed 8128K, reserved 1048576K
GC Heap History (20 events):
Event: 7.290 GC heap before
{Heap before GC invocations=133 (full 10):
 PSYoungGen      total 38912K, used 38732K [0x00000000eab00000, 0x00000000ee180000, 0x0000000100000000)
  eden space 26112K, 100% used [0x00000000eab00000,0x00000000ec480000,0x00000000ec480000)
  from space 12800K, 98% used [0x00000000ed500000,0x00000000ee153168,0x00000000ee180000)
  to   space 14336K, 0% used [0x00000000ec580000,0x00000000ec580000,0x00000000ed380000)
 ParOldGen       total 320512K, used 295935K [0x00000000c0000000, 0x00000000d3900000, 0x00000000eab00000)
  object space 320512K, 92% used [0x00000000c0000000,0x00000000d20fff00,0x00000000d3900000)
 Metaspace       used 65511K, committed 66624K, reserved 1114112K
  class space    used 6929K, committed 7424K, reserved 1048576K
}
Event: 7.295 GC heap after
{Heap after GC invocations=133 (full 10):
 PSYoungGen      total 41472K, used 14321K [0x00000000eab00000, 0x00000000ef200000, 0x0000000100000000)
  eden space 27136K, 0% used [0x00000000eab00000,0x00000000eab00000,0x00000000ec580000)
  from space 14336K, 99% used [0x00000000ec580000,0x00000000ed37c7e0,0x00000000ed380000)
  to   space 22016K, 0% used [0x00000000edc80000,0x00000000edc80000,0x00000000ef200000)
 ParOldGen       total 320512K, used 302078K [0x00000000c0000000, 0x00000000d3900000, 0x00000000eab00000)
  object space 320512K, 94% used [0x00000000c0000000,0x00000000d26ffbc0,0x00000000d3900000)
 Metaspace       used 65511K, committed 66624K, reserved 1114112K
  class space    used 6929K, committed 7424K, reserved 1048576K
}
Event: 7.313 GC heap before
{Heap before GC invocations=134 (full 10):
 PSYoungGen      total 41472K, used 41457K [0x00000000eab00000, 0x00000000ef200000, 0x0000000100000000)
  eden space 27136K, 100% used [0x00000000eab00000,0x00000000ec580000,0x00000000ec580000)
  from space 14336K, 99% used [0x00000000ec580000,0x00000000ed37c7e0,0x00000000ed380000)
  to   space 22016K, 0% used [0x00000000edc80000,0x00000000edc80000,0x00000000ef200000)
 ParOldGen       total 320512K, used 302078K [0x00000000c0000000, 0x00000000d3900000, 0x00000000eab00000)
  object space 320512K, 94% used [0x00000000c0000000,0x00000000d26ffbc0,0x00000000d3900000)
 Metaspace       used 65511K, committed 66624K, reserved 1114112K
  class space    used 6929K, committed 7424K, reserved 1048576K
}
Event: 7.316 GC heap after
{Heap after GC invocations=134 (full 10):
 PSYoungGen      total 49664K, used 19797K [0x00000000eab00000, 0x00000000ef000000, 0x0000000100000000)
  eden space 29696K, 0% used [0x00000000eab00000,0x00000000eab00000,0x00000000ec800000)
  from space 19968K, 99% used [0x00000000edc80000,0x00000000eefd54a8,0x00000000ef000000)
  to   space 20480K, 0% used [0x00000000ec800000,0x00000000ec800000,0x00000000edc00000)
 ParOldGen       total 320512K, used 307232K [0x00000000c0000000, 0x00000000d3900000, 0x00000000eab00000)
  object space 320512K, 95% used [0x00000000c0000000,0x00000000d2c08128,0x00000000d3900000)
 Metaspace       used 65511K, committed 66624K, reserved 1114112K
  class space    used 6929K, committed 7424K, reserved 1048576K
}
Event: 7.410 GC heap before
{Heap before GC invocations=135 (full 10):
 PSYoungGen      total 49664K, used 49493K [0x00000000eab00000, 0x00000000ef000000, 0x0000000100000000)
  eden space 29696K, 100% used [0x00000000eab00000,0x00000000ec800000,0x00000000ec800000)
  from space 19968K, 99% used [0x00000000edc80000,0x00000000eefd54a8,0x00000000ef000000)
  to   space 20480K, 0% used [0x00000000ec800000,0x00000000ec800000,0x00000000edc00000)
 ParOldGen       total 320512K, used 307232K [0x00000000c0000000, 0x00000000d3900000, 0x00000000eab00000)
  object space 320512K, 95% used [0x00000000c0000000,0x00000000d2c08128,0x00000000d3900000)
 Metaspace       used 65528K, committed 66624K, reserved 1114112K
  class space    used 6930K, committed 7424K, reserved 1048576K
}
Event: 7.414 GC heap after
{Heap after GC invocations=135 (full 10):
 PSYoungGen      total 50176K, used 20465K [0x00000000eab00000, 0x00000000f0a80000, 0x0000000100000000)
  eden space 29696K, 0% used [0x00000000eab00000,0x00000000eab00000,0x00000000ec800000)
  from space 20480K, 99% used [0x00000000ec800000,0x00000000edbfc6e8,0x00000000edc00000)
  to   space 32768K, 0% used [0x00000000eea80000,0x00000000eea80000,0x00000000f0a80000)
 ParOldGen       total 320512K, used 317326K [0x00000000c0000000, 0x00000000d3900000, 0x00000000eab00000)
  object space 320512K, 99% used [0x00000000c0000000,0x00000000d35e3aa0,0x00000000d3900000)
 Metaspace       used 65528K, committed 66624K, reserved 1114112K
  class space    used 6930K, committed 7424K, reserved 1048576K
}
Event: 7.414 GC heap before
{Heap before GC invocations=136 (full 11):
 PSYoungGen      total 50176K, used 20465K [0x00000000eab00000, 0x00000000f0a80000, 0x0000000100000000)
  eden space 29696K, 0% used [0x00000000eab00000,0x00000000eab00000,0x00000000ec800000)
  from space 20480K, 99% used [0x00000000ec800000,0x00000000edbfc6e8,0x00000000edc00000)
  to   space 32768K, 0% used [0x00000000eea80000,0x00000000eea80000,0x00000000f0a80000)
 ParOldGen       total 320512K, used 317326K [0x00000000c0000000, 0x00000000d3900000, 0x00000000eab00000)
  object space 320512K, 99% used [0x00000000c0000000,0x00000000d35e3aa0,0x00000000d3900000)
 Metaspace       used 65528K, committed 66624K, reserved 1114112K
  class space    used 6930K, committed 7424K, reserved 1048576K
}
Event: 7.520 GC heap after
{Heap after GC invocations=136 (full 11):
 PSYoungGen      total 50176K, used 13437K [0x00000000eab00000, 0x00000000f0a80000, 0x0000000100000000)
  eden space 29696K, 0% used [0x00000000eab00000,0x00000000eab00000,0x00000000ec800000)
  from space 20480K, 65% used [0x00000000ec800000,0x00000000ed51f420,0x00000000edc00000)
  to   space 32768K, 0% used [0x00000000eea80000,0x00000000eea80000,0x00000000f0a80000)
 ParOldGen       total 409600K, used 320363K [0x00000000c0000000, 0x00000000d9000000, 0x00000000eab00000)
  object space 409600K, 78% used [0x00000000c0000000,0x00000000d38daca8,0x00000000d9000000)
 Metaspace       used 65528K, committed 66624K, reserved 1114112K
  class space    used 6930K, committed 7424K, reserved 1048576K
}
Event: 7.732 GC heap before
{Heap before GC invocations=137 (full 11):
 PSYoungGen      total 50176K, used 43133K [0x00000000eab00000, 0x00000000f0a80000, 0x0000000100000000)
  eden space 29696K, 100% used [0x00000000eab00000,0x00000000ec800000,0x00000000ec800000)
  from space 20480K, 65% used [0x00000000ec800000,0x00000000ed51f420,0x00000000edc00000)
  to   space 32768K, 0% used [0x00000000eea80000,0x00000000eea80000,0x00000000f0a80000)
 ParOldGen       total 409600K, used 320363K [0x00000000c0000000, 0x00000000d9000000, 0x00000000eab00000)
  object space 409600K, 78% used [0x00000000c0000000,0x00000000d38daca8,0x00000000d9000000)
 Metaspace       used 65528K, committed 66624K, reserved 1114112K
  class space    used 6930K, committed 7424K, reserved 1048576K
}
Event: 7.743 GC heap after
{Heap after GC invocations=137 (full 11):
 PSYoungGen      total 62976K, used 30637K [0x00000000eab00000, 0x00000000f0880000, 0x0000000100000000)
  eden space 32256K, 0% used [0x00000000eab00000,0x00000000eab00000,0x00000000eca80000)
  from space 30720K, 99% used [0x00000000eea80000,0x00000000f086b458,0x00000000f0880000)
  to   space 31232K, 0% used [0x00000000ecb80000,0x00000000ecb80000,0x00000000eea00000)
 ParOldGen       total 409600K, used 324710K [0x00000000c0000000, 0x00000000d9000000, 0x00000000eab00000)
  object space 409600K, 79% used [0x00000000c0000000,0x00000000d3d199b8,0x00000000d9000000)
 Metaspace       used 65528K, committed 66624K, reserved 1114112K
  class space    used 6930K, committed 7424K, reserved 1048576K
}
Event: 8.020 GC heap before
{Heap before GC invocations=138 (full 11):
 PSYoungGen      total 62976K, used 62893K [0x00000000eab00000, 0x00000000f0880000, 0x0000000100000000)
  eden space 32256K, 100% used [0x00000000eab00000,0x00000000eca80000,0x00000000eca80000)
  from space 30720K, 99% used [0x00000000eea80000,0x00000000f086b458,0x00000000f0880000)
  to   space 31232K, 0% used [0x00000000ecb80000,0x00000000ecb80000,0x00000000eea00000)
 ParOldGen       total 409600K, used 324710K [0x00000000c0000000, 0x00000000d9000000, 0x00000000eab00000)
  object space 409600K, 79% used [0x00000000c0000000,0x00000000d3d199b8,0x00000000d9000000)
 Metaspace       used 65576K, committed 66688K, reserved 1114112K
  class space    used 6930K, committed 7424K, reserved 1048576K
}
Event: 8.027 GC heap after
{Heap after GC invocations=138 (full 11):
 PSYoungGen      total 64512K, used 31218K [0x00000000eab00000, 0x00000000f2880000, 0x0000000100000000)
  eden space 33280K, 0% used [0x00000000eab00000,0x00000000eab00000,0x00000000ecb80000)
  from space 31232K, 99% used [0x00000000ecb80000,0x00000000ee9fc818,0x00000000eea00000)
  to   space 47104K, 0% used [0x00000000efa80000,0x00000000efa80000,0x00000000f2880000)
 ParOldGen       total 409600K, used 337767K [0x00000000c0000000, 0x00000000d9000000, 0x00000000eab00000)
  object space 409600K, 82% used [0x00000000c0000000,0x00000000d49d9d48,0x00000000d9000000)
 Metaspace       used 65576K, committed 66688K, reserved 1114112K
  class space    used 6930K, committed 7424K, reserved 1048576K
}
Event: 8.380 GC heap before
{Heap before GC invocations=139 (full 11):
 PSYoungGen      total 64512K, used 64498K [0x00000000eab00000, 0x00000000f2880000, 0x0000000100000000)
  eden space 33280K, 100% used [0x00000000eab00000,0x00000000ecb80000,0x00000000ecb80000)
  from space 31232K, 99% used [0x00000000ecb80000,0x00000000ee9fc818,0x00000000eea00000)
  to   space 47104K, 0% used [0x00000000efa80000,0x00000000efa80000,0x00000000f2880000)
 ParOldGen       total 409600K, used 337767K [0x00000000c0000000, 0x00000000d9000000, 0x00000000eab00000)
  object space 409600K, 82% used [0x00000000c0000000,0x00000000d49d9d48,0x00000000d9000000)
 Metaspace       used 65670K, committed 66752K, reserved 1114112K
  class space    used 6937K, committed 7424K, reserved 1048576K
}
Event: 8.385 GC heap after
{Heap after GC invocations=139 (full 11):
 PSYoungGen      total 62464K, used 26665K [0x00000000eab00000, 0x00000000f1500000, 0x0000000100000000)
  eden space 35328K, 0% used [0x00000000eab00000,0x00000000eab00000,0x00000000ecd80000)
  from space 27136K, 98% used [0x00000000efa80000,0x00000000f148a448,0x00000000f1500000)
  to   space 33280K, 0% used [0x00000000ed400000,0x00000000ed400000,0x00000000ef480000)
 ParOldGen       total 409600K, used 345138K [0x00000000c0000000, 0x00000000d9000000, 0x00000000eab00000)
  object space 409600K, 84% used [0x00000000c0000000,0x00000000d510c818,0x00000000d9000000)
 Metaspace       used 65670K, committed 66752K, reserved 1114112K
  class space    used 6937K, committed 7424K, reserved 1048576K
}
Event: 23.279 GC heap before
{Heap before GC invocations=140 (full 11):
 PSYoungGen      total 62464K, used 61993K [0x00000000eab00000, 0x00000000f1500000, 0x0000000100000000)
  eden space 35328K, 100% used [0x00000000eab00000,0x00000000ecd80000,0x00000000ecd80000)
  from space 27136K, 98% used [0x00000000efa80000,0x00000000f148a448,0x00000000f1500000)
  to   space 33280K, 0% used [0x00000000ed400000,0x00000000ed400000,0x00000000ef480000)
 ParOldGen       total 409600K, used 345138K [0x00000000c0000000, 0x00000000d9000000, 0x00000000eab00000)
  object space 409600K, 84% used [0x00000000c0000000,0x00000000d510c818,0x00000000d9000000)
 Metaspace       used 68947K, committed 70080K, reserved 1114112K
  class space    used 7318K, committed 7808K, reserved 1048576K
}
Event: 23.283 GC heap after
{Heap after GC invocations=140 (full 11):
 PSYoungGen      total 51712K, used 16558K [0x00000000eab00000, 0x00000000efb00000, 0x0000000100000000)
  eden space 34816K, 0% used [0x00000000eab00000,0x00000000eab00000,0x00000000ecd00000)
  from space 16896K, 98% used [0x00000000ed400000,0x00000000ee42b858,0x00000000ee480000)
  to   space 21504K, 0% used [0x00000000ee600000,0x00000000ee600000,0x00000000efb00000)
 ParOldGen       total 409600K, used 345146K [0x00000000c0000000, 0x00000000d9000000, 0x00000000eab00000)
  object space 409600K, 84% used [0x00000000c0000000,0x00000000d510e818,0x00000000d9000000)
 Metaspace       used 68947K, committed 70080K, reserved 1114112K
  class space    used 7318K, committed 7808K, reserved 1048576K
}
Event: 43.343 GC heap before
{Heap before GC invocations=141 (full 11):
 PSYoungGen      total 51712K, used 51374K [0x00000000eab00000, 0x00000000efb00000, 0x0000000100000000)
  eden space 34816K, 100% used [0x00000000eab00000,0x00000000ecd00000,0x00000000ecd00000)
  from space 16896K, 98% used [0x00000000ed400000,0x00000000ee42b858,0x00000000ee480000)
  to   space 21504K, 0% used [0x00000000ee600000,0x00000000ee600000,0x00000000efb00000)
 ParOldGen       total 409600K, used 345146K [0x00000000c0000000, 0x00000000d9000000, 0x00000000eab00000)
  object space 409600K, 84% used [0x00000000c0000000,0x00000000d510e818,0x00000000d9000000)
 Metaspace       used 71606K, committed 72832K, reserved 1114112K
  class space    used 7587K, committed 8128K, reserved 1048576K
}
Event: 43.346 GC heap after
{Heap after GC invocations=141 (full 11):
 PSYoungGen      total 51712K, used 17382K [0x00000000eab00000, 0x00000000ef700000, 0x0000000100000000)
  eden space 34304K, 0% used [0x00000000eab00000,0x00000000eab00000,0x00000000ecc80000)
  from space 17408K, 99% used [0x00000000ee600000,0x00000000ef6f9808,0x00000000ef700000)
  to   space 17920K, 0% used [0x00000000ed400000,0x00000000ed400000,0x00000000ee580000)
 ParOldGen       total 409600K, used 345154K [0x00000000c0000000, 0x00000000d9000000, 0x00000000eab00000)
  object space 409600K, 84% used [0x00000000c0000000,0x00000000d5110818,0x00000000d9000000)
 Metaspace       used 71606K, committed 72832K, reserved 1114112K
  class space    used 7587K, committed 8128K, reserved 1048576K
}
Event: 81.913 GC heap before
{Heap before GC invocations=142 (full 11):
 PSYoungGen      total 51712K, used 50261K [0x00000000eab00000, 0x00000000ef700000, 0x0000000100000000)
  eden space 34304K, 95% used [0x00000000eab00000,0x00000000ecb1bff0,0x00000000ecc80000)
  from space 17408K, 99% used [0x00000000ee600000,0x00000000ef6f9808,0x00000000ef700000)
  to   space 17920K, 0% used [0x00000000ed400000,0x00000000ed400000,0x00000000ee580000)
 ParOldGen       total 409600K, used 345154K [0x00000000c0000000, 0x00000000d9000000, 0x00000000eab00000)
  object space 409600K, 84% used [0x00000000c0000000,0x00000000d5110818,0x00000000d9000000)
 Metaspace       used 72209K, committed 73408K, reserved 1114112K
  class space    used 7602K, committed 8128K, reserved 1048576K
}
Event: 81.916 GC heap after
{Heap after GC invocations=142 (full 11):
 PSYoungGen      total 47616K, used 13536K [0x00000000eab00000, 0x00000000eea00000, 0x0000000100000000)
  eden space 33792K, 0% used [0x00000000eab00000,0x00000000eab00000,0x00000000ecc00000)
  from space 13824K, 97% used [0x00000000ed400000,0x00000000ee1381c0,0x00000000ee180000)
  to   space 8704K, 0% used [0x00000000ee180000,0x00000000ee180000,0x00000000eea00000)
 ParOldGen       total 409600K, used 345162K [0x00000000c0000000, 0x00000000d9000000, 0x00000000eab00000)
  object space 409600K, 84% used [0x00000000c0000000,0x00000000d5112818,0x00000000d9000000)
 Metaspace       used 72209K, committed 73408K, reserved 1114112K
  class space    used 7602K, committed 8128K, reserved 1048576K
}

